2019-09-20 09:38:21.089  INFO 8444 --- [restartedMain] c.bestsort.bbslite.CommunityApplication  : Starting CommunityApplication on bestsort-lab with PID 8444 (/home/bestsort/IdeaProjects/bbslite/target/classes started by bestsort in /home/bestsort/IdeaProjects/bbslite)
2019-09-20 09:38:21.091  INFO 8444 --- [restartedMain] c.bestsort.bbslite.CommunityApplication  : No active profile set, falling back to default profiles: default
2019-09-20 09:38:21.171  INFO 8444 --- [restartedMain] .e.DevToolsPropertyDefaultsPostProcessor : Devtools property defaults active! Set 'spring.devtools.add-properties' to 'false' to disable
2019-09-20 09:38:21.171  INFO 8444 --- [restartedMain] .e.DevToolsPropertyDefaultsPostProcessor : For additional web related logging consider setting the 'logging.level.web' property to 'DEBUG'
2019-09-20 09:38:21.248  WARN 8444 --- [background-preinit] o.s.h.c.j.Jackson2ObjectMapperBuilder    : For Jackson Kotlin classes support please add "com.fasterxml.jackson.module:jackson-module-kotlin" to the classpath
2019-09-20 09:38:22.268  INFO 8444 --- [restartedMain] trationDelegate$BeanPostProcessorChecker : Bean 'com.alibaba.druid.spring.boot.autoconfigure.stat.DruidSpringAopConfiguration' of type [com.alibaba.druid.spring.boot.autoconfigure.stat.DruidSpringAopConfiguration] is not eligible for getting processed by all BeanPostProcessors (for example: not eligible for auto-proxying)
2019-09-20 09:38:22.289  INFO 8444 --- [restartedMain] trationDelegate$BeanPostProcessorChecker : Bean 'org.springframework.ws.config.annotation.DelegatingWsConfiguration' of type [org.springframework.ws.config.annotation.DelegatingWsConfiguration$$EnhancerBySpringCGLIB$$c76361dc] is not eligible for getting processed by all BeanPostProcessors (for example: not eligible for auto-proxying)
2019-09-20 09:38:22.312  INFO 8444 --- [restartedMain] .w.s.a.s.AnnotationActionEndpointMapping : Supporting [WS-Addressing August 2004, WS-Addressing 1.0]
2019-09-20 09:38:22.582  INFO 8444 --- [restartedMain] o.s.b.w.embedded.tomcat.TomcatWebServer  : Tomcat initialized with port(s): 8080 (http)
2019-09-20 09:38:22.603  INFO 8444 --- [restartedMain] o.apache.catalina.core.StandardService   : Starting service [Tomcat]
2019-09-20 09:38:22.603  INFO 8444 --- [restartedMain] org.apache.catalina.core.StandardEngine  : Starting Servlet engine: [Apache Tomcat/9.0.22]
2019-09-20 09:38:22.658  INFO 8444 --- [restartedMain] o.a.c.c.C.[Tomcat].[localhost].[/]       : Initializing Spring embedded WebApplicationContext
2019-09-20 09:38:22.658  INFO 8444 --- [restartedMain] o.s.web.context.ContextLoader            : Root WebApplicationContext: initialization completed in 1487 ms
2019-09-20 09:38:22.763  INFO 8444 --- [restartedMain] c.a.d.s.b.a.DruidDataSourceAutoConfigure : Init DruidDataSource
2019-09-20 09:38:22.967  INFO 8444 --- [restartedMain] com.alibaba.druid.pool.DruidDataSource   : {dataSource-1} inited
2019-09-20 09:38:23.450  INFO 8444 --- [restartedMain] o.s.b.d.a.OptionalLiveReloadServer       : LiveReload server is running on port 35729
2019-09-20 09:38:23.496  INFO 8444 --- [restartedMain] o.s.b.w.embedded.tomcat.TomcatWebServer  : Tomcat started on port(s): 8080 (http) with context path ''
2019-09-20 09:38:23.498  INFO 8444 --- [restartedMain] c.bestsort.bbslite.CommunityApplication  : Started CommunityApplication in 2.863 seconds (JVM running for 3.651)
2019-09-20 09:53:04.652  INFO 8444 --- [Thread-8] com.alibaba.druid.pool.DruidDataSource   : {dataSource-1} closed
2019-09-20 09:55:02.379  INFO 9097 --- [restartedMain] c.bestsort.bbslite.CommunityApplication  : Starting CommunityApplication on bestsort-lab with PID 9097 (/home/bestsort/IdeaProjects/bbslite/target/classes started by bestsort in /home/bestsort/IdeaProjects/bbslite)
2019-09-20 09:55:02.381  INFO 9097 --- [restartedMain] c.bestsort.bbslite.CommunityApplication  : No active profile set, falling back to default profiles: default
2019-09-20 09:55:02.463  INFO 9097 --- [restartedMain] .e.DevToolsPropertyDefaultsPostProcessor : Devtools property defaults active! Set 'spring.devtools.add-properties' to 'false' to disable
2019-09-20 09:55:02.464  INFO 9097 --- [restartedMain] .e.DevToolsPropertyDefaultsPostProcessor : For additional web related logging consider setting the 'logging.level.web' property to 'DEBUG'
2019-09-20 09:55:02.539  WARN 9097 --- [background-preinit] o.s.h.c.j.Jackson2ObjectMapperBuilder    : For Jackson Kotlin classes support please add "com.fasterxml.jackson.module:jackson-module-kotlin" to the classpath
2019-09-20 09:55:03.496  INFO 9097 --- [restartedMain] trationDelegate$BeanPostProcessorChecker : Bean 'com.alibaba.druid.spring.boot.autoconfigure.stat.DruidSpringAopConfiguration' of type [com.alibaba.druid.spring.boot.autoconfigure.stat.DruidSpringAopConfiguration] is not eligible for getting processed by all BeanPostProcessors (for example: not eligible for auto-proxying)
2019-09-20 09:55:03.517  INFO 9097 --- [restartedMain] trationDelegate$BeanPostProcessorChecker : Bean 'org.springframework.ws.config.annotation.DelegatingWsConfiguration' of type [org.springframework.ws.config.annotation.DelegatingWsConfiguration$$EnhancerBySpringCGLIB$$b49d28dc] is not eligible for getting processed by all BeanPostProcessors (for example: not eligible for auto-proxying)
2019-09-20 09:55:03.550  INFO 9097 --- [restartedMain] .w.s.a.s.AnnotationActionEndpointMapping : Supporting [WS-Addressing August 2004, WS-Addressing 1.0]
2019-09-20 09:55:03.798  INFO 9097 --- [restartedMain] o.s.b.w.embedded.tomcat.TomcatWebServer  : Tomcat initialized with port(s): 8080 (http)
2019-09-20 09:55:03.819  INFO 9097 --- [restartedMain] o.apache.catalina.core.StandardService   : Starting service [Tomcat]
2019-09-20 09:55:03.820  INFO 9097 --- [restartedMain] org.apache.catalina.core.StandardEngine  : Starting Servlet engine: [Apache Tomcat/9.0.22]
2019-09-20 09:55:03.874  INFO 9097 --- [restartedMain] o.a.c.c.C.[Tomcat].[localhost].[/]       : Initializing Spring embedded WebApplicationContext
2019-09-20 09:55:03.874  INFO 9097 --- [restartedMain] o.s.web.context.ContextLoader            : Root WebApplicationContext: initialization completed in 1410 ms
2019-09-20 09:55:03.982  INFO 9097 --- [restartedMain] c.a.d.s.b.a.DruidDataSourceAutoConfigure : Init DruidDataSource
2019-09-20 09:55:04.211  INFO 9097 --- [restartedMain] com.alibaba.druid.pool.DruidDataSource   : {dataSource-1} inited
2019-09-20 09:55:04.692  INFO 9097 --- [restartedMain] o.s.b.d.a.OptionalLiveReloadServer       : LiveReload server is running on port 35729
2019-09-20 09:55:04.755  INFO 9097 --- [restartedMain] o.s.b.w.embedded.tomcat.TomcatWebServer  : Tomcat started on port(s): 8080 (http) with context path ''
2019-09-20 09:55:04.758  INFO 9097 --- [restartedMain] c.bestsort.bbslite.CommunityApplication  : Started CommunityApplication in 2.797 seconds (JVM running for 3.586)
2019-09-20 09:55:07.520  INFO 9097 --- [http-nio-8080-exec-1] o.apache.tomcat.util.http.parser.Cookie  : A cookie header was received [1564195911,1564391368,1564626248; Idea-8d6ce058=e8483d35-321b-4769-8eaa-79bd1ce3308b; token=cf6cc764-bc44-4da8-935a-23606368cdc1; JSESSIONID=27BEC17344C086E7CB8C0DDB92863899] that contained an invalid cookie. That cookie will be ignored.
 Note: further occurrences of this error will be logged at DEBUG level.
2019-09-20 09:55:07.537  INFO 9097 --- [http-nio-8080-exec-1] o.a.c.c.C.[Tomcat].[localhost].[/]       : Initializing Spring DispatcherServlet 'dispatcherServlet'
2019-09-20 09:55:07.537  INFO 9097 --- [http-nio-8080-exec-1] o.s.web.servlet.DispatcherServlet        : Initializing Servlet 'dispatcherServlet'
2019-09-20 09:55:07.544  INFO 9097 --- [http-nio-8080-exec-1] o.s.web.servlet.DispatcherServlet        : Completed initialization in 7 ms
2019-09-20 09:55:07.609 DEBUG 9097 --- [http-nio-8080-exec-1] c.b.b.mapper.UserMapper.selectByExample  : ==>  Preparing: select id, account_id, name, token, gmt_create, gmt_modified, bio, avatar_url from user WHERE ( token = ? ) 
2019-09-20 09:55:07.683 DEBUG 9097 --- [http-nio-8080-exec-1] c.b.b.mapper.UserMapper.selectByExample  : ==> Parameters: cf6cc764-bc44-4da8-935a-23606368cdc1(String)
2019-09-20 09:55:07.701 DEBUG 9097 --- [http-nio-8080-exec-1] c.b.b.mapper.UserMapper.selectByExample  : <==      Total: 1
2019-09-20 09:55:07.716 DEBUG 9097 --- [http-nio-8080-exec-1] c.b.b.m.Q.selectByPrimaryKey             : ==>  Preparing: select id, title, gmt_create, gmt_modified, creator, comment_count, view_count, like_count, tag , description from question where id = ? 
2019-09-20 09:55:07.718 DEBUG 9097 --- [http-nio-8080-exec-1] c.b.b.m.Q.selectByPrimaryKey             : ==> Parameters: 5(Long)
2019-09-20 09:55:07.721 DEBUG 9097 --- [http-nio-8080-exec-1] c.b.b.m.Q.selectByPrimaryKey             : <==      Total: 1
2019-09-20 09:55:07.724 DEBUG 9097 --- [http-nio-8080-exec-1] c.b.b.m.UserMapper.selectByPrimaryKey    : ==>  Preparing: select id, account_id, name, token, gmt_create, gmt_modified, bio, avatar_url from user where id = ? 
2019-09-20 09:55:07.725 DEBUG 9097 --- [http-nio-8080-exec-1] c.b.b.m.UserMapper.selectByPrimaryKey    : ==> Parameters: 3(Long)
2019-09-20 09:55:07.727 DEBUG 9097 --- [http-nio-8080-exec-1] c.b.b.m.UserMapper.selectByPrimaryKey    : <==      Total: 1
2019-09-20 09:55:07.728 DEBUG 9097 --- [http-nio-8080-exec-1] c.b.b.mapper.QuestionExtMapper.incView   : ==>  Preparing: update question set view_count = view_count + ? where id = ? 
2019-09-20 09:55:07.731 DEBUG 9097 --- [http-nio-8080-exec-1] c.b.b.mapper.QuestionExtMapper.incView   : ==> Parameters: 1(Integer), 5(Long)
2019-09-20 09:55:07.768 DEBUG 9097 --- [http-nio-8080-exec-1] c.b.b.mapper.QuestionExtMapper.incView   : <==    Updates: 1
2019-09-20 09:55:07.775 DEBUG 9097 --- [http-nio-8080-exec-1] c.b.b.m.CommentMapper.selectByExample    : ==>  Preparing: select id, pid, type, commentator, like_count, gmt_modified, gmt_create, content from comment WHERE ( pid = ? and type = ? ) order by gmt_create desc 
2019-09-20 09:55:07.778 DEBUG 9097 --- [http-nio-8080-exec-1] c.b.b.m.CommentMapper.selectByExample    : ==> Parameters: 5(Long), 1(Byte)
2019-09-20 09:55:07.781 DEBUG 9097 --- [http-nio-8080-exec-1] c.b.b.m.CommentMapper.selectByExample    : <==      Total: 2
2019-09-20 09:55:07.784 DEBUG 9097 --- [http-nio-8080-exec-1] c.b.b.mapper.UserMapper.selectByExample  : ==>  Preparing: select id, account_id, name, token, gmt_create, gmt_modified, bio, avatar_url from user WHERE ( id in ( ? ) ) 
2019-09-20 09:55:07.785 DEBUG 9097 --- [http-nio-8080-exec-1] c.b.b.mapper.UserMapper.selectByExample  : ==> Parameters: 3(Long)
2019-09-20 09:55:07.788 DEBUG 9097 --- [http-nio-8080-exec-1] c.b.b.mapper.UserMapper.selectByExample  : <==      Total: 1
2019-09-20 09:59:16.344  INFO 9097 --- [Thread-8] com.alibaba.druid.pool.DruidDataSource   : {dataSource-1} closed
