2019-09-20 09:53:07.933  INFO 8870 --- [restartedMain] c.bestsort.bbslite.CommunityApplication  : Starting CommunityApplication on bestsort-lab with PID 8870 (/home/bestsort/IdeaProjects/bbslite/target/classes started by bestsort in /home/bestsort/IdeaProjects/bbslite)
2019-09-20 09:53:07.936  INFO 8870 --- [restartedMain] c.bestsort.bbslite.CommunityApplication  : No active profile set, falling back to default profiles: default
2019-09-20 09:53:08.018  INFO 8870 --- [restartedMain] .e.DevToolsPropertyDefaultsPostProcessor : Devtools property defaults active! Set 'spring.devtools.add-properties' to 'false' to disable
2019-09-20 09:53:08.018  INFO 8870 --- [restartedMain] .e.DevToolsPropertyDefaultsPostProcessor : For additional web related logging consider setting the 'logging.level.web' property to 'DEBUG'
2019-09-20 09:53:08.065  WARN 8870 --- [background-preinit] o.s.h.c.j.Jackson2ObjectMapperBuilder    : For Jackson Kotlin classes support please add "com.fasterxml.jackson.module:jackson-module-kotlin" to the classpath
2019-09-20 09:53:09.149  INFO 8870 --- [restartedMain] trationDelegate$BeanPostProcessorChecker : Bean 'com.alibaba.druid.spring.boot.autoconfigure.stat.DruidSpringAopConfiguration' of type [com.alibaba.druid.spring.boot.autoconfigure.stat.DruidSpringAopConfiguration] is not eligible for getting processed by all BeanPostProcessors (for example: not eligible for auto-proxying)
2019-09-20 09:53:09.170  INFO 8870 --- [restartedMain] trationDelegate$BeanPostProcessorChecker : Bean 'org.springframework.ws.config.annotation.DelegatingWsConfiguration' of type [org.springframework.ws.config.annotation.DelegatingWsConfiguration$$EnhancerBySpringCGLIB$$9bdaebe2] is not eligible for getting processed by all BeanPostProcessors (for example: not eligible for auto-proxying)
2019-09-20 09:53:09.194  INFO 8870 --- [restartedMain] .w.s.a.s.AnnotationActionEndpointMapping : Supporting [WS-Addressing August 2004, WS-Addressing 1.0]
2019-09-20 09:53:09.459  INFO 8870 --- [restartedMain] o.s.b.w.embedded.tomcat.TomcatWebServer  : Tomcat initialized with port(s): 8080 (http)
2019-09-20 09:53:09.478  INFO 8870 --- [restartedMain] o.apache.catalina.core.StandardService   : Starting service [Tomcat]
2019-09-20 09:53:09.479  INFO 8870 --- [restartedMain] org.apache.catalina.core.StandardEngine  : Starting Servlet engine: [Apache Tomcat/9.0.22]
2019-09-20 09:53:09.533  INFO 8870 --- [restartedMain] o.a.c.c.C.[Tomcat].[localhost].[/]       : Initializing Spring embedded WebApplicationContext
2019-09-20 09:53:09.533  INFO 8870 --- [restartedMain] o.s.web.context.ContextLoader            : Root WebApplicationContext: initialization completed in 1514 ms
2019-09-20 09:53:09.639  INFO 8870 --- [restartedMain] c.a.d.s.b.a.DruidDataSourceAutoConfigure : Init DruidDataSource
2019-09-20 09:53:09.852  INFO 8870 --- [restartedMain] com.alibaba.druid.pool.DruidDataSource   : {dataSource-1} inited
2019-09-20 09:53:10.334  INFO 8870 --- [restartedMain] o.s.b.d.a.OptionalLiveReloadServer       : LiveReload server is running on port 35729
2019-09-20 09:53:10.379  INFO 8870 --- [restartedMain] o.s.b.w.embedded.tomcat.TomcatWebServer  : Tomcat started on port(s): 8080 (http) with context path ''
2019-09-20 09:53:10.382  INFO 8870 --- [restartedMain] c.bestsort.bbslite.CommunityApplication  : Started CommunityApplication in 3.007 seconds (JVM running for 3.807)
2019-09-20 09:54:02.869  INFO 8870 --- [http-nio-8080-exec-1] o.apache.tomcat.util.http.parser.Cookie  : A cookie header was received [1564195911,1564391368,1564626248; Idea-8d6ce058=e8483d35-321b-4769-8eaa-79bd1ce3308b; token=cf6cc764-bc44-4da8-935a-23606368cdc1; JSESSIONID=27BEC17344C086E7CB8C0DDB92863899] that contained an invalid cookie. That cookie will be ignored.
 Note: further occurrences of this error will be logged at DEBUG level.
2019-09-20 09:54:02.873  INFO 8870 --- [http-nio-8080-exec-1] o.a.c.c.C.[Tomcat].[localhost].[/]       : Initializing Spring DispatcherServlet 'dispatcherServlet'
2019-09-20 09:54:02.874  INFO 8870 --- [http-nio-8080-exec-1] o.s.web.servlet.DispatcherServlet        : Initializing Servlet 'dispatcherServlet'
2019-09-20 09:54:02.880  INFO 8870 --- [http-nio-8080-exec-1] o.s.web.servlet.DispatcherServlet        : Completed initialization in 6 ms
2019-09-20 09:54:02.933 DEBUG 8870 --- [http-nio-8080-exec-1] c.b.b.mapper.UserMapper.selectByExample  : ==>  Preparing: select id, account_id, name, token, gmt_create, gmt_modified, bio, avatar_url from user WHERE ( token = ? ) 
2019-09-20 09:54:03.010 DEBUG 8870 --- [http-nio-8080-exec-1] c.b.b.mapper.UserMapper.selectByExample  : ==> Parameters: cf6cc764-bc44-4da8-935a-23606368cdc1(String)
2019-09-20 09:54:03.027 DEBUG 8870 --- [http-nio-8080-exec-1] c.b.b.mapper.UserMapper.selectByExample  : <==      Total: 1
2019-09-20 09:54:03.042 DEBUG 8870 --- [http-nio-8080-exec-1] c.b.b.m.Q.selectByPrimaryKey             : ==>  Preparing: select id, title, gmt_create, gmt_modified, creator, comment_count, view_count, like_count, tag , description from question where id = ? 
2019-09-20 09:54:03.043 DEBUG 8870 --- [http-nio-8080-exec-1] c.b.b.m.Q.selectByPrimaryKey             : ==> Parameters: 5(Long)
2019-09-20 09:54:03.045 DEBUG 8870 --- [http-nio-8080-exec-1] c.b.b.m.Q.selectByPrimaryKey             : <==      Total: 1
2019-09-20 09:54:03.048 DEBUG 8870 --- [http-nio-8080-exec-1] c.b.b.m.UserMapper.selectByPrimaryKey    : ==>  Preparing: select id, account_id, name, token, gmt_create, gmt_modified, bio, avatar_url from user where id = ? 
2019-09-20 09:54:03.049 DEBUG 8870 --- [http-nio-8080-exec-1] c.b.b.m.UserMapper.selectByPrimaryKey    : ==> Parameters: 3(Long)
2019-09-20 09:54:03.051 DEBUG 8870 --- [http-nio-8080-exec-1] c.b.b.m.UserMapper.selectByPrimaryKey    : <==      Total: 1
2019-09-20 09:54:03.052 DEBUG 8870 --- [http-nio-8080-exec-1] c.b.b.mapper.QuestionExtMapper.incView   : ==>  Preparing: update question set view_count = view_count + ? where id = ? 
2019-09-20 09:54:03.055 DEBUG 8870 --- [http-nio-8080-exec-1] c.b.b.mapper.QuestionExtMapper.incView   : ==> Parameters: 1(Integer), 5(Long)
2019-09-20 09:54:03.090 DEBUG 8870 --- [http-nio-8080-exec-1] c.b.b.mapper.QuestionExtMapper.incView   : <==    Updates: 1
2019-09-20 09:54:03.112 DEBUG 8870 --- [http-nio-8080-exec-1] c.b.b.m.CommentMapper.selectByExample    : ==>  Preparing: select id, pid, type, commentator, like_count, gmt_modified, gmt_create, content from comment WHERE ( pid = ? and type = ? ) order by gmt_create desc 
2019-09-20 09:54:03.115 DEBUG 8870 --- [http-nio-8080-exec-1] c.b.b.m.CommentMapper.selectByExample    : ==> Parameters: 5(Long), 1(Byte)
2019-09-20 09:54:03.117 DEBUG 8870 --- [http-nio-8080-exec-1] c.b.b.m.CommentMapper.selectByExample    : <==      Total: 2
2019-09-20 09:54:03.119 DEBUG 8870 --- [http-nio-8080-exec-1] c.b.b.mapper.UserMapper.selectByExample  : ==>  Preparing: select id, account_id, name, token, gmt_create, gmt_modified, bio, avatar_url from user WHERE ( id in ( ? ) ) 
2019-09-20 09:54:03.121 DEBUG 8870 --- [http-nio-8080-exec-1] c.b.b.mapper.UserMapper.selectByExample  : ==> Parameters: 3(Long)
2019-09-20 09:54:03.122 DEBUG 8870 --- [http-nio-8080-exec-1] c.b.b.mapper.UserMapper.selectByExample  : <==      Total: 1
2019-09-20 09:54:03.478 DEBUG 8870 --- [http-nio-8080-exec-2] c.b.b.mapper.UserMapper.selectByExample  : ==>  Preparing: select id, account_id, name, token, gmt_create, gmt_modified, bio, avatar_url from user WHERE ( token = ? ) 
2019-09-20 09:54:03.482 DEBUG 8870 --- [http-nio-8080-exec-2] c.b.b.mapper.UserMapper.selectByExample  : ==> Parameters: cf6cc764-bc44-4da8-935a-23606368cdc1(String)
2019-09-20 09:54:03.484 DEBUG 8870 --- [http-nio-8080-exec-3] c.b.b.mapper.UserMapper.selectByExample  : ==>  Preparing: select id, account_id, name, token, gmt_create, gmt_modified, bio, avatar_url from user WHERE ( token = ? ) 
2019-09-20 09:54:03.485 DEBUG 8870 --- [http-nio-8080-exec-3] c.b.b.mapper.UserMapper.selectByExample  : ==> Parameters: cf6cc764-bc44-4da8-935a-23606368cdc1(String)
2019-09-20 09:54:03.486 DEBUG 8870 --- [http-nio-8080-exec-2] c.b.b.mapper.UserMapper.selectByExample  : <==      Total: 1
2019-09-20 09:54:03.487 DEBUG 8870 --- [http-nio-8080-exec-3] c.b.b.mapper.UserMapper.selectByExample  : <==      Total: 1
2019-09-20 09:54:59.584  INFO 8870 --- [Thread-8] com.alibaba.druid.pool.DruidDataSource   : {dataSource-1} closed
